C51 COMPILER V9.50a   SEGWAY                                                               12/11/2014 17:12:10 PAGE 1   


C51 COMPILER V9.50a, COMPILATION OF MODULE SEGWAY
OBJECT MODULE PLACED IN segway.OBJ
COMPILER INVOKED BY: D:\Program Files\Deil\C51\BIN\C51.exe segway.c DB OE BR INCDIR(C:\SiLabs\MCU\Inc)

line level    source

   1          /**
   2           * Includes
   3           */
   4          #include <compiler_defs.h>
   5          #include <C8051f310_defs.h>
   6          #include <stdio.h>
   7          #include "systemClock.h"
   8          #include "ports.h"
   9          #include "uart.h"
  10          #include "timers.h"
  11          #include "PCA.h"
  12          
  13          
  14          /**
  15           * Constants
  16           */
  17          sbit LED = P3 ^ 3; // LED = '1' means ON
  18          sbit SW2 = P0 ^ 7; // SW2 = '0' means switch pressed
  19          
  20          
  21          /**
  22           * Function prototypes
  23           */
  24          void initialize(void);      // Initialize
  25          void timer2Interrupt(void); // Timer 2 interrupt
  26          
  27          
  28          /**
  29           * Main
  30           */
  31          void main(void) {
  32   1              initialize();
  33   1      
  34   1              while (1) 
  35   1              {
  36   2                      PCA0CPH0 = 250;
  37   2                      PCA0CPH1 = 238;
  38   2              }
  39   1      }
  40          
  41          
  42          /**
  43           * Function definitions
  44           */
  45          
  46          // Initialize
  47          void initialize(void) {
  48   1              initializeSystemClock();
  49   1              initializePorts();
  50   1              initializeUart();
  51   1              initializeTimer2(0);
  52   1              initializePCA();
  53   1              EA = 1;
  54   1      }
  55          
C51 COMPILER V9.50a   SEGWAY                                                               12/11/2014 17:12:10 PAGE 2   

  56          // Timer 2 interrupt
  57          void timer2Interrupt(void) interrupt 5
  58          {
  59   1              TF2H = 0;
  60   1              LED = ~LED;
  61   1      }


MODULE INFORMATION:   STATIC OVERLAYABLE
   CODE SIZE        =     37    ----
   CONSTANT SIZE    =   ----    ----
   XDATA SIZE       =   ----    ----
   PDATA SIZE       =   ----    ----
   DATA SIZE        =   ----    ----
   IDATA SIZE       =   ----    ----
   BIT SIZE         =   ----    ----
END OF MODULE INFORMATION.


C51 COMPILATION COMPLETE.  0 WARNING(S),  0 ERROR(S)
